Android App/Projects/Voice To AI/app/build/intermediates/manifest_merge_blame_file/debug/manifest-merger-blame-debug-report.txt
1<?xml version="1.0" encoding="utf-8"?>
2<manifest xmlns:android="http://schemas.android.com/apk/res/android"
3    package="com.dante.voicetoai"
4    android:versionCode="1"
5    android:versionName="1.0" >
6
7    <uses-sdk
8        android:minSdkVersion="16"
8-->src/main/AndroidManifest.xml
9        android:targetSdkVersion="30" />
9-->src/main/AndroidManifest.xml
10
11    <uses-permission android:name="android.permission.INTERNET" />
11-->src/main/AndroidManifest.xml:6:5-66
11-->src/main/AndroidManifest.xml:6:22-64
12    <uses-permission android:name="android.permission.ACCESS_NETWORK_STATE" />
12-->src/main/AndroidManifest.xml:7:5-78
12-->src/main/AndroidManifest.xml:7:22-76
13    <uses-permission android:name="android.permission.ACCESS_WIFI_STATE" />
13-->src/main/AndroidManifest.xml:8:5-75
13-->src/main/AndroidManifest.xml:8:22-73
14    <uses-permission android:name="android.permission.SYSTEM_ALERT_WINDOW" />
14-->src/main/AndroidManifest.xml:10:5-78
14-->src/main/AndroidManifest.xml:10:22-75
15
16    <application
16-->src/main/AndroidManifest.xml:12:5-46:19
17        android:allowBackup="true"
17-->src/main/AndroidManifest.xml:13:9-35
18        android:appComponentFactory="android.support.v4.app.CoreComponentFactory"
18-->[com.android.support:support-compat:28.0.0] AndroidManifest.xml:22:18-91
19        android:debuggable="true"
20        android:icon="@mipmap/icon"
20-->src/main/AndroidManifest.xml:14:9-36
21        android:label="@string/app_name"
21-->src/main/AndroidManifest.xml:15:9-41
22        android:roundIcon="@mipmap/icon"
22-->src/main/AndroidManifest.xml:16:9-41
23        android:supportsRtl="true"
23-->src/main/AndroidManifest.xml:17:9-35
24        android:testOnly="true"
25        android:theme="@style/Theme.AppCompat.NoActionBar" >
25-->src/main/AndroidManifest.xml:18:9-59
26        <service android:name="com.dante.voicetoai.Services.ServerConnexionService" />
26-->src/main/AndroidManifest.xml:22:9-68
26-->src/main/AndroidManifest.xml:22:18-65
27
28        <activity android:name="com.dante.voicetoai.MainActivity" >
28-->src/main/AndroidManifest.xml:25:9-30:20
28-->src/main/AndroidManifest.xml:25:19-47
29            <intent-filter>
29-->src/main/AndroidManifest.xml:26:13-29:29
30                <action android:name="android.intent.action.MAIN" />
30-->src/main/AndroidManifest.xml:27:17-69
30-->src/main/AndroidManifest.xml:27:25-66
31
32                <category android:name="android.intent.category.LAUNCHER" />
32-->src/main/AndroidManifest.xml:28:17-77
32-->src/main/AndroidManifest.xml:28:27-74
33            </intent-filter>
34        </activity>
35        <activity
35-->src/main/AndroidManifest.xml:33:9-40:20
36            android:name="com.dante.voicetoai.OptionsActivity"
36-->src/main/AndroidManifest.xml:34:13-44
37            android:theme="@style/Theme.AppCompat.Transparent.NoActionBar" >
37-->src/main/AndroidManifest.xml:35:13-75
38            <intent-filter>
38-->src/main/AndroidManifest.xml:37:13-39:29
39                <action android:name="android.intent.action.MAIN" />
39-->src/main/AndroidManifest.xml:27:17-69
39-->src/main/AndroidManifest.xml:27:25-66
40            </intent-filter>
41        </activity>
42    </application>
43
44</manifest>